<?xml version="1.0" encoding="UTF-8"?>
<!-- Generated by org.testng.reporters.JUnitXMLReporter -->
<testsuite ignored="0" hostname="Amits-MacBook-Air.local" failures="0" tests="3" name="Default test" time="14.54" errors="0" timestamp="31 Jan 2020 00:33:21 GMT">
  <testcase classname="com.qa.orangehrm.tests.CreateUserAdminTest" name="verifyPage" time="0.045"/>
  <testcase classname="com.qa.orangehrm.tests.CreateUserAdminTest" name="loginToApplication" time="4.332"/>
  <testcase classname="com.qa.orangehrm.tests.CreateUserAdminTest" name="createUserFromAdminApplication" time="4.726"/>
</testsuite> <!-- Default test -->
