<?xml version="1.0" encoding="UTF-8"?>
<!-- Generated by org.testng.reporters.JUnitXMLReporter -->
<testsuite ignored="1" hostname="Amits-MacBook-Air.local" failures="0" tests="5" name="Test" time="20.347" errors="0" timestamp="17 Feb 2020 01:38:18 GMT">
  <testcase classname="com.qa.orangehrm.tests.LoginScenarios" name="verifyPage" time="0.043"/>
  <testcase classname="com.qa.orangehrm.tests.CreateUserAdminTest" name="verifyPage" time="0.017"/>
  <testcase classname="com.qa.orangehrm.tests.LoginScenarios" name="loginToApplication" time="4.125"/>
  <testcase classname="com.qa.orangehrm.tests.CreateUserAdminTest" name="loginToApplication" time="3.057"/>
  <testcase classname="com.qa.orangehrm.tests.CreateUserAdminTest" name="createUserFromAdminApplication" time="4.881"/>
  <testcase classname="com.qa.orangehrm.base.BaseClass" name="@BeforeSuite setupReport" time="0.0">
    <ignored/>
  </testcase> <!-- @BeforeSuite setupReport -->
</testsuite> <!-- Test -->
