<?xml version="1.0" encoding="UTF-8"?>
<testng-results ignored="1" total="6" passed="5" failed="0" skipped="0">
  <reporter-output>
  </reporter-output>
  <suite started-at="2020-02-17T01:37:52Z" name="Suite" finished-at="2020-02-17T01:38:13Z" duration-ms="20347">
    <groups>
    </groups>
    <test started-at="2020-02-17T01:37:52Z" name="Test" finished-at="2020-02-17T01:38:13Z" duration-ms="20347">
      <class name="com.qa.orangehrm.tests.CreateUserAdminTest">
        <test-method is-config="true" signature="setUp()[pri:0, instance:com.qa.orangehrm.tests.CreateUserAdminTest@a1cdc6d]" started-at="2020-02-17T01:37:57Z" name="setUp" finished-at="2020-02-17T01:38:00Z" duration-ms="3085" status="PASS">
          <reporter-output>
          </reporter-output>
        </test-method> <!-- setUp -->
        <test-method signature="verifyPage()[pri:0, instance:com.qa.orangehrm.tests.CreateUserAdminTest@a1cdc6d]" started-at="2020-02-17T01:38:00Z" name="verifyPage" finished-at="2020-02-17T01:38:00Z" duration-ms="17" status="PASS">
          <reporter-output>
          </reporter-output>
        </test-method> <!-- verifyPage -->
        <test-method is-config="true" signature="tearDownReport(org.testng.ITestResult)[pri:0, instance:com.qa.orangehrm.tests.CreateUserAdminTest@a1cdc6d]" started-at="2020-02-17T01:38:00Z" name="tearDownReport" finished-at="2020-02-17T01:38:00Z" duration-ms="137" status="PASS">
          <params>
            <param index="0">
              <value>
                <![CDATA[[TestResult name=verifyPage status=SUCCESS method=CreateUserAdminTest.verifyPage()[pri:0, instance:com.qa.orangehrm.tests.CreateUserAdminTest@a1cdc6d] output={null}]]]>
              </value>
            </param>
          </params>
          <reporter-output>
          </reporter-output>
        </test-method> <!-- tearDownReport -->
        <test-method signature="loginToApplication()[pri:1, instance:com.qa.orangehrm.tests.CreateUserAdminTest@a1cdc6d]" started-at="2020-02-17T01:38:05Z" name="loginToApplication" finished-at="2020-02-17T01:38:08Z" depends-on-methods="com.qa.orangehrm.tests.CreateUserAdminTest.verifyPage" duration-ms="3057" status="PASS">
          <reporter-output>
          </reporter-output>
        </test-method> <!-- loginToApplication -->
        <test-method is-config="true" signature="tearDownReport(org.testng.ITestResult)[pri:0, instance:com.qa.orangehrm.tests.CreateUserAdminTest@a1cdc6d]" started-at="2020-02-17T01:38:08Z" name="tearDownReport" finished-at="2020-02-17T01:38:08Z" duration-ms="92" status="PASS">
          <params>
            <param index="0">
              <value>
                <![CDATA[[TestResult name=loginToApplication status=SUCCESS method=CreateUserAdminTest.loginToApplication()[pri:1, instance:com.qa.orangehrm.tests.CreateUserAdminTest@a1cdc6d] output={null}]]]>
              </value>
            </param>
          </params>
          <reporter-output>
          </reporter-output>
        </test-method> <!-- tearDownReport -->
        <test-method signature="createUserFromAdminApplication()[pri:2, instance:com.qa.orangehrm.tests.CreateUserAdminTest@a1cdc6d]" started-at="2020-02-17T01:38:08Z" name="createUserFromAdminApplication" finished-at="2020-02-17T01:38:13Z" depends-on-methods="com.qa.orangehrm.tests.CreateUserAdminTest.loginToApplication" duration-ms="4881" status="PASS">
          <reporter-output>
          </reporter-output>
        </test-method> <!-- createUserFromAdminApplication -->
        <test-method is-config="true" signature="tearDownReport(org.testng.ITestResult)[pri:0, instance:com.qa.orangehrm.tests.CreateUserAdminTest@a1cdc6d]" started-at="2020-02-17T01:38:13Z" name="tearDownReport" finished-at="2020-02-17T01:38:13Z" duration-ms="60" status="PASS">
          <params>
            <param index="0">
              <value>
                <![CDATA[[TestResult name=createUserFromAdminApplication status=SUCCESS method=CreateUserAdminTest.createUserFromAdminApplication()[pri:2, instance:com.qa.orangehrm.tests.CreateUserAdminTest@a1cdc6d] output={null}]]]>
              </value>
            </param>
          </params>
          <reporter-output>
          </reporter-output>
        </test-method> <!-- tearDownReport -->
        <test-method is-config="true" signature="tearDown()[pri:0, instance:com.qa.orangehrm.tests.CreateUserAdminTest@a1cdc6d]" started-at="2020-02-17T01:38:13Z" name="tearDown" finished-at="2020-02-17T01:38:13Z" duration-ms="125" status="PASS">
          <reporter-output>
          </reporter-output>
        </test-method> <!-- tearDown -->
      </class> <!-- com.qa.orangehrm.tests.CreateUserAdminTest -->
      <class name="com.qa.orangehrm.tests.LoginScenarios">
        <test-method is-config="true" signature="setupReport()[pri:0, instance:com.qa.orangehrm.tests.LoginScenarios@623a8092]" started-at="2020-02-17T01:37:52Z" name="setupReport" finished-at="2020-02-17T01:37:52Z" duration-ms="359" status="PASS">
          <reporter-output>
          </reporter-output>
        </test-method> <!-- setupReport -->
        <test-method is-config="true" signature="setUp()[pri:0, instance:com.qa.orangehrm.tests.LoginScenarios@623a8092]" started-at="2020-02-17T01:37:53Z" name="setUp" finished-at="2020-02-17T01:37:56Z" duration-ms="3941" status="PASS">
          <reporter-output>
          </reporter-output>
        </test-method> <!-- setUp -->
        <test-method signature="verifyPage()[pri:0, instance:com.qa.orangehrm.tests.LoginScenarios@623a8092]" started-at="2020-02-17T01:37:56Z" name="verifyPage" finished-at="2020-02-17T01:37:57Z" duration-ms="43" status="PASS">
          <reporter-output>
          </reporter-output>
        </test-method> <!-- verifyPage -->
        <test-method is-config="true" signature="tearDownReport(org.testng.ITestResult)[pri:0, instance:com.qa.orangehrm.tests.LoginScenarios@623a8092]" started-at="2020-02-17T01:37:57Z" name="tearDownReport" finished-at="2020-02-17T01:37:57Z" duration-ms="552" status="PASS">
          <params>
            <param index="0">
              <value>
                <![CDATA[[TestResult name=verifyPage status=SUCCESS method=LoginScenarios.verifyPage()[pri:0, instance:com.qa.orangehrm.tests.LoginScenarios@623a8092] output={null}]]]>
              </value>
            </param>
          </params>
          <reporter-output>
          </reporter-output>
        </test-method> <!-- tearDownReport -->
        <test-method signature="loginToApplication()[pri:1, instance:com.qa.orangehrm.tests.LoginScenarios@623a8092]" started-at="2020-02-17T01:38:00Z" name="loginToApplication" finished-at="2020-02-17T01:38:04Z" depends-on-methods="com.qa.orangehrm.tests.LoginScenarios.verifyPage" duration-ms="4125" status="PASS">
          <reporter-output>
          </reporter-output>
        </test-method> <!-- loginToApplication -->
        <test-method is-config="true" signature="tearDownReport(org.testng.ITestResult)[pri:0, instance:com.qa.orangehrm.tests.LoginScenarios@623a8092]" started-at="2020-02-17T01:38:04Z" name="tearDownReport" finished-at="2020-02-17T01:38:04Z" duration-ms="67" status="PASS">
          <params>
            <param index="0">
              <value>
                <![CDATA[[TestResult name=loginToApplication status=SUCCESS method=LoginScenarios.loginToApplication()[pri:1, instance:com.qa.orangehrm.tests.LoginScenarios@623a8092] output={null}]]]>
              </value>
            </param>
          </params>
          <reporter-output>
          </reporter-output>
        </test-method> <!-- tearDownReport -->
        <test-method is-config="true" signature="tearDown()[pri:0, instance:com.qa.orangehrm.tests.LoginScenarios@623a8092]" started-at="2020-02-17T01:38:04Z" name="tearDown" finished-at="2020-02-17T01:38:05Z" duration-ms="102" status="PASS">
          <reporter-output>
          </reporter-output>
        </test-method> <!-- tearDown -->
      </class> <!-- com.qa.orangehrm.tests.LoginScenarios -->
    </test> <!-- Test -->
  </suite> <!-- Suite -->
</testng-results>
